<?xml version="1.0" encoding="UTF-8"?>
<!-- Generated by org.testng.reporters.JUnitXMLReporter -->
<testsuite ignored="1" hostname="DESKTOP-UU02OJS" failures="0" tests="1" name="Default test" time="24.391" errors="0" timestamp="2025-05-12T13:30:02 IST">
  <testcase classname="com.lms.qa.testcases.LandingPageTest" name="verifySearch_withValidProducts" time="1.805"/>
  <testcase classname="com.lms.qa.testcases.LandingPageTest" name="verifySearch_withInValidProducts" time="0.0">
    <ignored/>
  </testcase> <!-- verifySearch_withInValidProducts -->
</testsuite> <!-- Default test -->
