<?xml version="1.0" encoding="UTF-8"?>
<testng-results ignored="1" total="2" passed="1" failed="0" skipped="0">
  <reporter-output>
  </reporter-output>
  <suite started-at="2025-05-12T13:29:37 IST" name="Default suite" finished-at="2025-05-12T13:30:02 IST" duration-ms="24391">
    <groups>
    </groups>
    <test started-at="2025-05-12T13:29:37 IST" name="Default test" finished-at="2025-05-12T13:30:02 IST" duration-ms="24391">
      <class name="com.lms.qa.testcases.LandingPageTest">
        <test-method is-config="true" signature="setUp()[pri:0, instance:com.lms.qa.testcases.LandingPageTest@449a4f23]" started-at="2025-05-12T13:29:37 IST" name="setUp" finished-at="2025-05-12T13:29:51 IST" duration-ms="13847" status="PASS">
          <reporter-output>
          </reporter-output>
        </test-method> <!-- setUp -->
        <test-method signature="verifySearch_withValidProducts()[pri:1, instance:com.lms.qa.testcases.LandingPageTest@449a4f23]" started-at="2025-05-12T13:29:51 IST" name="verifySearch_withValidProducts" finished-at="2025-05-12T13:29:53 IST" duration-ms="1805" status="PASS">
          <reporter-output>
          </reporter-output>
        </test-method> <!-- verifySearch_withValidProducts -->
        <test-method is-config="true" signature="teardown()[pri:0, instance:com.lms.qa.testcases.LandingPageTest@449a4f23]" started-at="2025-05-12T13:29:53 IST" name="teardown" finished-at="2025-05-12T13:30:02 IST" duration-ms="8547" status="PASS">
          <reporter-output>
          </reporter-output>
        </test-method> <!-- teardown -->
      </class> <!-- com.lms.qa.testcases.LandingPageTest -->
    </test> <!-- Default test -->
  </suite> <!-- Default suite -->
</testng-results>
