<?xml version="1.0" encoding="UTF-8"?>
<!-- Generated by org.testng.reporters.JUnitXMLReporter -->
<testsuite ignored="0" hostname="DESKTOP-UU02OJS" failures="0" tests="2" name="TutorialsNinja TestCases" time="65.003" errors="0" timestamp="2025-05-11T14:39:58 IST">
  <testcase classname="com.lms.qa.testcases.LandingPageTest" name="verifySearch_withValidProducts" time="2.59"/>
  <testcase classname="com.lms.qa.testcases.LandingPageTest" name="verifySearch_withInValidProducts" time="1.031"/>
</testsuite> <!-- TutorialsNinja TestCases -->
